<?xml version="1.0" encoding="UTF-8"?>
<!-- Generated by org.testng.reporters.JUnitXMLReporter -->
<testsuite ignored="0" hostname="DESKTOP-QPT45PR" failures="0" tests="6" name="Command line test" time="0.107" errors="0" timestamp="2023-01-10T12:05:37 CST">
  <testcase classname="org.testNG.TestBallUtility" name="testGetHeaviestWithEmptyArray" time="0.016"/>
  <testcase classname="org.testNG.TestBallUtility" name="testGetHeaviestWithMultipleWeight" time="0.002"/>
  <testcase classname="org.testNG.TestBallUtility" name="testGetHeaviestWithNull" time="0.002"/>
  <testcase classname="org.testNG.TestBallUtility" name="testGetHeaviestWithOneWeight" time="0.001"/>
  <testcase classname="org.testNG.TestBallUtility" name="testGetHeaviestWithTwoWeight" time="0.002"/>
  <testcase classname="org.testNG.TestBallUtility" name="testGetHeaviestWithoneTwoWeight" time="0.003"/>
</testsuite> <!-- Command line test -->
