<?xml version="1.0" encoding="UTF-8"?>
<testng-results ignored="0" total="6" passed="6" failed="0" skipped="0">
  <reporter-output>
  </reporter-output>
  <suite started-at="2023-01-10T12:05:36 CST" name="org.testNG.TestBallUtility" finished-at="2023-01-10T12:05:37 CST" duration-ms="107">
    <groups>
    </groups>
    <test started-at="2023-01-10T12:05:36 CST" name="Command line test" finished-at="2023-01-10T12:05:37 CST" duration-ms="107">
      <class name="org.testNG.TestBallUtility">
        <test-method signature="testGetHeaviestWithEmptyArray()[pri:0, instance:org.testNG.TestBallUtility@49c43f4e]" started-at="2023-01-10T12:05:37 CST" name="testGetHeaviestWithEmptyArray" finished-at="2023-01-10T12:05:37 CST" duration-ms="16" status="PASS">
          <reporter-output>
          </reporter-output>
        </test-method> <!-- testGetHeaviestWithEmptyArray -->
        <test-method signature="testGetHeaviestWithMultipleWeight()[pri:0, instance:org.testNG.TestBallUtility@49c43f4e]" started-at="2023-01-10T12:05:37 CST" name="testGetHeaviestWithMultipleWeight" finished-at="2023-01-10T12:05:37 CST" duration-ms="2" status="PASS">
          <reporter-output>
          </reporter-output>
        </test-method> <!-- testGetHeaviestWithMultipleWeight -->
        <test-method signature="testGetHeaviestWithNull()[pri:0, instance:org.testNG.TestBallUtility@49c43f4e]" started-at="2023-01-10T12:05:37 CST" name="testGetHeaviestWithNull" finished-at="2023-01-10T12:05:37 CST" duration-ms="2" status="PASS">
          <reporter-output>
          </reporter-output>
        </test-method> <!-- testGetHeaviestWithNull -->
        <test-method signature="testGetHeaviestWithOneWeight()[pri:0, instance:org.testNG.TestBallUtility@49c43f4e]" started-at="2023-01-10T12:05:37 CST" name="testGetHeaviestWithOneWeight" finished-at="2023-01-10T12:05:37 CST" duration-ms="1" status="PASS">
          <reporter-output>
          </reporter-output>
        </test-method> <!-- testGetHeaviestWithOneWeight -->
        <test-method signature="testGetHeaviestWithTwoWeight()[pri:0, instance:org.testNG.TestBallUtility@49c43f4e]" started-at="2023-01-10T12:05:37 CST" name="testGetHeaviestWithTwoWeight" finished-at="2023-01-10T12:05:37 CST" duration-ms="2" status="PASS">
          <reporter-output>
          </reporter-output>
        </test-method> <!-- testGetHeaviestWithTwoWeight -->
        <test-method signature="testGetHeaviestWithoneTwoWeight()[pri:0, instance:org.testNG.TestBallUtility@49c43f4e]" started-at="2023-01-10T12:05:37 CST" name="testGetHeaviestWithoneTwoWeight" finished-at="2023-01-10T12:05:37 CST" duration-ms="3" status="PASS">
          <reporter-output>
          </reporter-output>
        </test-method> <!-- testGetHeaviestWithoneTwoWeight -->
      </class> <!-- org.testNG.TestBallUtility -->
    </test> <!-- Command line test -->
  </suite> <!-- org.testNG.TestBallUtility -->
</testng-results>
