<?xml version="1.0" encoding="UTF-8"?>
<!-- Generated by org.testng.reporters.JUnitXMLReporter -->
<testsuite ignored="5" hostname="DESKTOP-QPT45PR" failures="0" tests="1" name="Default test" time="0.068" errors="0" timestamp="2023-01-09T13:09:52 CST">
  <testcase classname="org.testNG.TestBallUtility" name="testGetHeaviestWithoneTwoWeight" time="0.02"/>
  <testcase classname="org.testNG.TestBallUtility" name="testGetHeaviestWithEmptyArray" time="0.0">
    <ignored/>
  </testcase> <!-- testGetHeaviestWithEmptyArray -->
  <testcase classname="org.testNG.TestBallUtility" name="testGetHeaviestWithTwoWeight" time="0.0">
    <ignored/>
  </testcase> <!-- testGetHeaviestWithTwoWeight -->
  <testcase classname="org.testNG.TestBallUtility" name="testGetHeaviestWithMultipleWeight" time="0.0">
    <ignored/>
  </testcase> <!-- testGetHeaviestWithMultipleWeight -->
  <testcase classname="org.testNG.TestBallUtility" name="testGetHeaviestWithNull" time="0.0">
    <ignored/>
  </testcase> <!-- testGetHeaviestWithNull -->
  <testcase classname="org.testNG.TestBallUtility" name="testGetHeaviestWithOneWeight" time="0.0">
    <ignored/>
  </testcase> <!-- testGetHeaviestWithOneWeight -->
</testsuite> <!-- Default test -->
