<?xml version="1.0" encoding="UTF-8"?>
<testng-results ignored="5" total="6" passed="1" failed="0" skipped="0">
  <reporter-output>
  </reporter-output>
  <suite started-at="2023-01-09T13:09:51 CST" name="Default suite" finished-at="2023-01-09T13:09:52 CST" duration-ms="68">
    <groups>
    </groups>
    <test started-at="2023-01-09T13:09:51 CST" name="Default test" finished-at="2023-01-09T13:09:52 CST" duration-ms="68">
      <class name="org.testNG.TestBallUtility">
        <test-method signature="testGetHeaviestWithoneTwoWeight()[pri:0, instance:org.testNG.TestBallUtility@56528192]" started-at="2023-01-09T13:09:51 CST" name="testGetHeaviestWithoneTwoWeight" finished-at="2023-01-09T13:09:52 CST" duration-ms="20" status="PASS">
          <reporter-output>
          </reporter-output>
        </test-method> <!-- testGetHeaviestWithoneTwoWeight -->
      </class> <!-- org.testNG.TestBallUtility -->
    </test> <!-- Default test -->
  </suite> <!-- Default suite -->
</testng-results>
